<?xml version="1.0" encoding="UTF-8"?>
<testsuite xmlns:xsi="http://www.w3.org/2001/XMLSchema-instance" xsi:noNamespaceSchemaLocation="https://maven.apache.org/surefire/maven-surefire-plugin/xsd/surefire-test-report.xsd" name="RedirectKabinetPageTest" time="7.593" tests="1" errors="1" skipped="0" failures="0">
  <properties>
[...]
</properties>
  <testcase name="redirectMainPageTest" classname="RedirectKabinetPageTest" time="7.591">
    <error message="Expected condition failed: waiting for element to be clickable: By.xpath: .//button[text()=&apos;Оформить заказ&apos;] (tried for 5 second(s) with 500 milliseconds interval)" type="org.openqa.selenium.TimeoutException">org.openqa.selenium.TimeoutException: Expected condition failed: waiting for element to be clickable: By.xpath: .//button[text()='Оформить заказ'] (tried for 5 second(s) with 500 milliseconds interval)
	at RedirectKabinetPageTest.before(RedirectKabinetPageTest.java:45)
Caused by: org.openqa.selenium.NoSuchElementException: 
no such element: Unable to locate element: {"method":"xpath","selector":".//button[text()='Оформить заказ']"}
  (Session info: chrome=126.0.6478.127)
For documentation on this error, please visit: https://www.seleniumhq.org/exceptions/no_such_element.html
Build info: version: '3.141.59', revision: 'e82be7d358', time: '2018-11-14T08:17:03'
System info: host: 'LAPTOP-7C1P7I5Q', ip: '192.168.0.36', os.name: 'Windows 10', os.arch: 'amd64', os.version: '10.0', java.version: '11.0.22'
Driver info: org.openqa.selenium.chrome.ChromeDriver
Capabilities {acceptInsecureCerts: false, browserName: chrome, browserVersion: 126.0.6478.127, chrome: {chromedriverVersion: 126.0.6478.126 (d36ace6122e..., userDataDir: C:\Users\Nastya\AppData\Loc...}, fedcm:accounts: true, goog:chromeOptions: {debuggerAddress: localhost:59454}, javascriptEnabled: true, networkConnectionEnabled: false, pageLoadStrategy: normal, platform: WINDOWS, platformName: WINDOWS, proxy: Proxy(), setWindowRect: true, strictFileInteractability: false, timeouts: {implicit: 0, pageLoad: 300000, script: 30000}, unhandledPromptBehavior: dismiss and notify, webauthn:extension:credBlob: true, webauthn:extension:largeBlob: true, webauthn:extension:minPinLength: true, webauthn:extension:prf: true, webauthn:virtualAuthenticators: true}
Session ID: aab980965052e17130c80881467dd2ef
*** Element info: {Using=xpath, value=.//button[text()='Оформить заказ']}
	at RedirectKabinetPageTest.before(RedirectKabinetPageTest.java:45)
</error>
    <system-out><![CDATA[Request method:	POST
Request URI:	https://stellarburgers.nomoreparties.site/api/auth/register
Proxy:			<none>
Request params:	<none>
Query params:	<none>
Form params:	<none>
Path params:	<none>
Headers:		Accept=*/*
				Content-Type=application/json
Cookies:		<none>
Multiparts:		<none>
Body:
{
    "email": "CatburgerCecil@gmail.com",
    "password": "login",
    "name": "NastyaGleichner"
}
HTTP/1.1 200 OK
Date: Sun, 07 Jul 2024 16:49:05 GMT
Content-Type: application/json; charset=utf-8
Transfer-Encoding: chunked
Connection: keep-alive
X-Powered-By: Express
Access-Control-Allow-Origin: *
authorization: Bearer eyJhbGciOiJIUzI1NiIsInR5cCI6IkpXVCJ9.eyJpZCI6IjY2OGFjNzAxOWVkMjgwMDAxYjQ2NTRjZCIsImlhdCI6MTcyMDM3MDk0NSwiZXhwIjoxNzIwMzcyMTQ1fQ.HmGMVJjRvUUJZm_ePOuFse68tblrVXTRo6S7Wm8Jer8
ETag: W/"17a-L6UJ4t40GdfAlOXuFa0cTNydAns"
CF-Cache-Status: DYNAMIC
Report-To: {"endpoints":[{"url":"https:\/\/a.nel.cloudflare.com\/report\/v4?s=KSDOD%2BG0Se2virDsAyhVMLNRcO6UKtfhpRwJKsjBbFVyFBm62Ao%2BVlNQnT9og9ynhv62ZXKDrLtaQYu6epbY6UAA0xoA6UuHHakPwdN9MiR8iRwWO0m4%2FduFnWm5drJag7NJ1be4icWmarY5ZDAZG3TPFh8%3D"}],"group":"cf-nel","max_age":604800}
NEL: {"success_fraction":0,"report_to":"cf-nel","max_age":604800}
Server: cloudflare
CF-RAY: 89f95369597db511-OSL
Content-Encoding: gzip
alt-svc: h3=":443"; ma=86400

{
    "success": true,
    "user": {
        "email": "catburgercecil@gmail.com",
        "name": "NastyaGleichner"
    },
    "accessToken": "Bearer eyJhbGciOiJIUzI1NiIsInR5cCI6IkpXVCJ9.eyJpZCI6IjY2OGFjNzAxOWVkMjgwMDAxYjQ2NTRjZCIsImlhdCI6MTcyMDM3MDk0NSwiZXhwIjoxNzIwMzcyMTQ1fQ.HmGMVJjRvUUJZm_ePOuFse68tblrVXTRo6S7Wm8Jer8",
    "refreshToken": "572c46d04fefa3ec5a9b296864aa136ae5ac49ed40dc4f77d7a0cb0f6c3da26e7f33d7e068808ae5"
}
Request method:	DELETE
Request URI:	https://stellarburgers.nomoreparties.site/api/auth/user
Proxy:			<none>
Request params:	<none>
Query params:	<none>
Form params:	<none>
Path params:	<none>
Headers:		Accept=*/*
				Content-Type=application/json
Cookies:		<none>
Multiparts:		<none>
Body:			<none>
HTTP/1.1 202 Accepted
Date: Sun, 07 Jul 2024 16:49:12 GMT
Content-Type: application/json; charset=utf-8
Content-Length: 54
Connection: keep-alive
X-Powered-By: Express
Access-Control-Allow-Origin: *
ETag: W/"36-hDmZnQ3Ou/ynnqAeC6TYmyseuzY"
CF-Cache-Status: DYNAMIC
Report-To: {"endpoints":[{"url":"https:\/\/a.nel.cloudflare.com\/report\/v4?s=624RM7OsqiXf1kmyVWyl1%2FyF5y%2B2%2Fcbew%2FkL3Xy5%2BnlTYid2jwuVDShmsKzMTuNkf5FQfHrblpcxcRc31uBFt34MlmzxQh0KI%2Bb0iXDVgFEXqcI9c9New6ID%2B2GbuxLuzLTa%2BzbJn5lMYRvfWTzltGxNb74%3D"}],"group":"cf-nel","max_age":604800}
NEL: {"success_fraction":0,"report_to":"cf-nel","max_age":604800}
Server: cloudflare
CF-RAY: 89f9539139f5a861-RIX
alt-svc: h3=":443"; ma=86400

{
    "success": true,
    "message": "User successfully removed"
}
]]></system-out>
    <system-err><![CDATA[Starting ChromeDriver 126.0.6478.126 (d36ace6122e0a59570e258d82441395206d60e1c-refs/branch-heads/6478@{#1591}) on port 26585
Only local connections are allowed.
Please see https://chromedriver.chromium.org/security-considerations for suggestions on keeping ChromeDriver safe.
ChromeDriver was started successfully.
июл. 07, 2024 7:49:05 PM org.openqa.selenium.remote.ProtocolHandshake createSession
INFO: Detected dialect: W3C
]]></system-err>
  </testcase>
</testsuite>