<?xml version="1.0" encoding="UTF-8"?>
<testsuite xmlns:xsi="http://www.w3.org/2001/XMLSchema-instance" xsi:noNamespaceSchemaLocation="https://maven.apache.org/surefire/maven-surefire-plugin/xsd/surefire-test-report.xsd" name="LoginTest" time="36.341" tests="4" errors="4" skipped="0" failures="0">
  <properties>
[...]
</properties>
  <testcase name="loginRecoveryPageTest" classname="LoginTest" time="12.088">
    <error message="Expected condition failed: waiting for element to be clickable: By.xpath: .//button[text()=&apos;Оформить заказ&apos;] (tried for 5 second(s) with 500 milliseconds interval)" type="org.openqa.selenium.TimeoutException">org.openqa.selenium.TimeoutException: Expected condition failed: waiting for element to be clickable: By.xpath: .//button[text()='Оформить заказ'] (tried for 5 second(s) with 500 milliseconds interval)
	at LoginTest.loginRecoveryPageTest(LoginTest.java:107)
Caused by: org.openqa.selenium.NoSuchElementException: 
no such element: Unable to locate element: {"method":"xpath","selector":".//button[text()='Оформить заказ']"}
  (Session info: chrome=126.0.6478.127)
For documentation on this error, please visit: https://www.seleniumhq.org/exceptions/no_such_element.html
Build info: version: '3.141.59', revision: 'e82be7d358', time: '2018-11-14T08:17:03'
System info: host: 'LAPTOP-7C1P7I5Q', ip: '192.168.0.36', os.name: 'Windows 10', os.arch: 'amd64', os.version: '10.0', java.version: '11.0.22'
Driver info: org.openqa.selenium.chrome.ChromeDriver
Capabilities {acceptInsecureCerts: false, browserName: chrome, browserVersion: 126.0.6478.127, chrome: {chromedriverVersion: 126.0.6478.126 (d36ace6122e..., userDataDir: C:\Users\Nastya\AppData\Loc...}, fedcm:accounts: true, goog:chromeOptions: {debuggerAddress: localhost:59326}, javascriptEnabled: true, networkConnectionEnabled: false, pageLoadStrategy: normal, platform: WINDOWS, platformName: WINDOWS, proxy: Proxy(), setWindowRect: true, strictFileInteractability: false, timeouts: {implicit: 0, pageLoad: 300000, script: 30000}, unhandledPromptBehavior: dismiss and notify, webauthn:extension:credBlob: true, webauthn:extension:largeBlob: true, webauthn:extension:minPinLength: true, webauthn:extension:prf: true, webauthn:virtualAuthenticators: true}
Session ID: 0364e29dba7ba084b5ea38c66816ac80
*** Element info: {Using=xpath, value=.//button[text()='Оформить заказ']}
	at LoginTest.loginRecoveryPageTest(LoginTest.java:107)
</error>
    <system-out><![CDATA[Request method:	POST
Request URI:	https://stellarburgers.nomoreparties.site/api/auth/register
Proxy:			<none>
Request params:	<none>
Query params:	<none>
Form params:	<none>
Path params:	<none>
Headers:		Accept=*/*
				Content-Type=application/json
Cookies:		<none>
Multiparts:		<none>
Body:
{
    "email": "CatburgerLlewellyn@gmail.com",
    "password": "login",
    "name": "NastyaDuBuque"
}
HTTP/1.1 200 OK
Date: Sun, 07 Jul 2024 16:48:24 GMT
Content-Type: application/json; charset=utf-8
Transfer-Encoding: chunked
Connection: keep-alive
X-Powered-By: Express
Access-Control-Allow-Origin: *
authorization: Bearer eyJhbGciOiJIUzI1NiIsInR5cCI6IkpXVCJ9.eyJpZCI6IjY2OGFjNmQ4OWVkMjgwMDAxYjQ2NTRjMyIsImlhdCI6MTcyMDM3MDkwNCwiZXhwIjoxNzIwMzcyMTA0fQ.wDPPylCZEqeKXw-FCmvMog9IYa3VRkPTX47T58zN8r0
ETag: W/"17c-7/yWPZAZ9jQKQGqPkynT0fL6yDA"
CF-Cache-Status: DYNAMIC
Report-To: {"endpoints":[{"url":"https:\/\/a.nel.cloudflare.com\/report\/v4?s=Yf7YDnfv5M0xhmcid%2FhHdoC1xizN2cp2epI65vhmeFoTnbmrl0ct1aH9EdnvPRbgzC8k%2FOMOBMMgFuw86rJW%2FwXna0FwmVmQsO2k2pm2nDB5wHcMj%2B1lcKUiqB3QWXmcZFjPDqdSQUu1fnYU70sus5HWd9U%3D"}],"group":"cf-nel","max_age":604800}
NEL: {"success_fraction":0,"report_to":"cf-nel","max_age":604800}
Server: cloudflare
CF-RAY: 89f95266aa835687-OSL
Content-Encoding: gzip
alt-svc: h3=":443"; ma=86400

{
    "success": true,
    "user": {
        "email": "catburgerllewellyn@gmail.com",
        "name": "NastyaDuBuque"
    },
    "accessToken": "Bearer eyJhbGciOiJIUzI1NiIsInR5cCI6IkpXVCJ9.eyJpZCI6IjY2OGFjNmQ4OWVkMjgwMDAxYjQ2NTRjMyIsImlhdCI6MTcyMDM3MDkwNCwiZXhwIjoxNzIwMzcyMTA0fQ.wDPPylCZEqeKXw-FCmvMog9IYa3VRkPTX47T58zN8r0",
    "refreshToken": "14f2407aaab6f17589f7101283d453de757c08572049eaa40950ec5bd43992e41689d8853e28aee9"
}
Request method:	DELETE
Request URI:	https://stellarburgers.nomoreparties.site/api/auth/user
Proxy:			<none>
Request params:	<none>
Query params:	<none>
Form params:	<none>
Path params:	<none>
Headers:		Accept=*/*
				Content-Type=application/json
Cookies:		<none>
Multiparts:		<none>
Body:			<none>
HTTP/1.1 202 Accepted
Date: Sun, 07 Jul 2024 16:48:31 GMT
Content-Type: application/json; charset=utf-8
Content-Length: 54
Connection: keep-alive
X-Powered-By: Express
Access-Control-Allow-Origin: *
ETag: W/"36-hDmZnQ3Ou/ynnqAeC6TYmyseuzY"
CF-Cache-Status: DYNAMIC
Report-To: {"endpoints":[{"url":"https:\/\/a.nel.cloudflare.com\/report\/v4?s=YizjWz54jE100FmupIHvHx81JC%2Fas4uF7jHSvv4je8YaJDb1P%2BfqNGliDCEUD6l2RO9CsDsIzYK2wJkLnnISvR%2FCPxeFLMVqgfx11rlgdrmaV8gK68MIF5hrzbwqYo8GRh0GKdWAg9ocxpYpD7Yqqq%2Fkm9U%3D"}],"group":"cf-nel","max_age":604800}
NEL: {"success_fraction":0,"report_to":"cf-nel","max_age":604800}
Server: cloudflare
CF-RAY: 89f952954a63719d-RIX
alt-svc: h3=":443"; ma=86400

{
    "success": true,
    "message": "User successfully removed"
}
]]></system-out>
    <system-err><![CDATA[Starting ChromeDriver 126.0.6478.126 (d36ace6122e0a59570e258d82441395206d60e1c-refs/branch-heads/6478@{#1591}) on port 7327
Only local connections are allowed.
Please see https://chromedriver.chromium.org/security-considerations for suggestions on keeping ChromeDriver safe.
ChromeDriver was started successfully.
июл. 07, 2024 7:48:21 PM org.openqa.selenium.remote.ProtocolHandshake createSession
INFO: Detected dialect: W3C
]]></system-err>
  </testcase>
  <testcase name="loginMainPageTest" classname="LoginTest" time="7.834">
    <error message="Expected condition failed: waiting for element to be clickable: By.xpath: .//button[text()=&apos;Оформить заказ&apos;] (tried for 5 second(s) with 500 milliseconds interval)" type="org.openqa.selenium.TimeoutException">org.openqa.selenium.TimeoutException: Expected condition failed: waiting for element to be clickable: By.xpath: .//button[text()='Оформить заказ'] (tried for 5 second(s) with 500 milliseconds interval)
	at LoginTest.loginMainPageTest(LoginTest.java:54)
Caused by: org.openqa.selenium.NoSuchElementException: 
no such element: Unable to locate element: {"method":"xpath","selector":".//button[text()='Оформить заказ']"}
  (Session info: chrome=126.0.6478.127)
For documentation on this error, please visit: https://www.seleniumhq.org/exceptions/no_such_element.html
Build info: version: '3.141.59', revision: 'e82be7d358', time: '2018-11-14T08:17:03'
System info: host: 'LAPTOP-7C1P7I5Q', ip: '192.168.0.36', os.name: 'Windows 10', os.arch: 'amd64', os.version: '10.0', java.version: '11.0.22'
Driver info: org.openqa.selenium.chrome.ChromeDriver
Capabilities {acceptInsecureCerts: false, browserName: chrome, browserVersion: 126.0.6478.127, chrome: {chromedriverVersion: 126.0.6478.126 (d36ace6122e..., userDataDir: C:\Users\Nastya\AppData\Loc...}, fedcm:accounts: true, goog:chromeOptions: {debuggerAddress: localhost:59349}, javascriptEnabled: true, networkConnectionEnabled: false, pageLoadStrategy: normal, platform: WINDOWS, platformName: WINDOWS, proxy: Proxy(), setWindowRect: true, strictFileInteractability: false, timeouts: {implicit: 0, pageLoad: 300000, script: 30000}, unhandledPromptBehavior: dismiss and notify, webauthn:extension:credBlob: true, webauthn:extension:largeBlob: true, webauthn:extension:minPinLength: true, webauthn:extension:prf: true, webauthn:virtualAuthenticators: true}
Session ID: 77869a24faf4cce83a8356b3c4ec8843
*** Element info: {Using=xpath, value=.//button[text()='Оформить заказ']}
	at LoginTest.loginMainPageTest(LoginTest.java:54)
</error>
    <system-out><![CDATA[Request method:	POST
Request URI:	https://stellarburgers.nomoreparties.site/api/auth/register
Proxy:			<none>
Request params:	<none>
Query params:	<none>
Form params:	<none>
Path params:	<none>
Headers:		Accept=*/*
				Content-Type=application/json
Cookies:		<none>
Multiparts:		<none>
Body:
{
    "email": "CatburgerTrycia@gmail.com",
    "password": "login",
    "name": "NastyaBechtelar"
}
HTTP/1.1 200 OK
Date: Sun, 07 Jul 2024 16:48:33 GMT
Content-Type: application/json; charset=utf-8
Transfer-Encoding: chunked
Connection: keep-alive
X-Powered-By: Express
Access-Control-Allow-Origin: *
authorization: Bearer eyJhbGciOiJIUzI1NiIsInR5cCI6IkpXVCJ9.eyJpZCI6IjY2OGFjNmUxOWVkMjgwMDAxYjQ2NTRjNSIsImlhdCI6MTcyMDM3MDkxMywiZXhwIjoxNzIwMzcyMTEzfQ.U2zSvpfbZ38yxs0aswIW58vL61chUq48fKkHe7XDp6A
ETag: W/"17b-GgFNW5xJq135TCUkztj6wHoPzWE"
CF-Cache-Status: DYNAMIC
Report-To: {"endpoints":[{"url":"https:\/\/a.nel.cloudflare.com\/report\/v4?s=icJ1%2FPXBEWrfRgPC2OiNNUi923kuovtKC%2BCNF%2FTb9lBI7wzeLT5DRMEVkV6LZaO6UjMEZk2gIJB%2FjN%2BzFzcVnrmo6h2DS9j4Ztzq%2B0ezNvDrKbb944nM%2FylIWTkMBbBrKpZYbgd179kPKgEzMcCXXQXSdSQ%3D"}],"group":"cf-nel","max_age":604800}
NEL: {"success_fraction":0,"report_to":"cf-nel","max_age":604800}
Server: cloudflare
CF-RAY: 89f952a2ee8a98fa-ARN
Content-Encoding: gzip
alt-svc: h3=":443"; ma=86400

{
    "success": true,
    "user": {
        "email": "catburgertrycia@gmail.com",
        "name": "NastyaBechtelar"
    },
    "accessToken": "Bearer eyJhbGciOiJIUzI1NiIsInR5cCI6IkpXVCJ9.eyJpZCI6IjY2OGFjNmUxOWVkMjgwMDAxYjQ2NTRjNSIsImlhdCI6MTcyMDM3MDkxMywiZXhwIjoxNzIwMzcyMTEzfQ.U2zSvpfbZ38yxs0aswIW58vL61chUq48fKkHe7XDp6A",
    "refreshToken": "820879201a30ec60ca65eb2297f8633fbb274792ab5c15d0001e00e4c83dc3c684078143bc523613"
}
Request method:	DELETE
Request URI:	https://stellarburgers.nomoreparties.site/api/auth/user
Proxy:			<none>
Request params:	<none>
Query params:	<none>
Form params:	<none>
Path params:	<none>
Headers:		Accept=*/*
				Content-Type=application/json
Cookies:		<none>
Multiparts:		<none>
Body:			<none>
HTTP/1.1 202 Accepted
Date: Sun, 07 Jul 2024 16:48:40 GMT
Content-Type: application/json; charset=utf-8
Content-Length: 54
Connection: keep-alive
X-Powered-By: Express
Access-Control-Allow-Origin: *
ETag: W/"36-hDmZnQ3Ou/ynnqAeC6TYmyseuzY"
CF-Cache-Status: DYNAMIC
Report-To: {"endpoints":[{"url":"https:\/\/a.nel.cloudflare.com\/report\/v4?s=aOe5z7aG0d5W3ZwaFvnPHYBqXYCzlUxmFYWiR2%2Fifx22R9lg7mknWLqF%2FBtyWy0cSUyjzsIg%2BlWYYecFNAccwoE7Sdfa%2FxQywc45Z8IRUJumNYh6%2FMJq3dQZC0rWzHfmuDb%2FwiOa21oVkOvlC58ZXpmV3uU%3D"}],"group":"cf-nel","max_age":604800}
NEL: {"success_fraction":0,"report_to":"cf-nel","max_age":604800}
Server: cloudflare
CF-RAY: 89f952cc7b72a8a2-RIX
alt-svc: h3=":443"; ma=86400

{
    "success": true,
    "message": "User successfully removed"
}
]]></system-out>
    <system-err><![CDATA[Starting ChromeDriver 126.0.6478.126 (d36ace6122e0a59570e258d82441395206d60e1c-refs/branch-heads/6478@{#1591}) on port 36554
Only local connections are allowed.
Please see https://chromedriver.chromium.org/security-considerations for suggestions on keeping ChromeDriver safe.
ChromeDriver was started successfully.
июл. 07, 2024 7:48:33 PM org.openqa.selenium.remote.ProtocolHandshake createSession
INFO: Detected dialect: W3C
]]></system-err>
  </testcase>
  <testcase name="loginKabinetPageTest" classname="LoginTest" time="8.743">
    <error message="Expected condition failed: waiting for element to be clickable: By.xpath: .//button[text()=&apos;Оформить заказ&apos;] (tried for 5 second(s) with 500 milliseconds interval)" type="org.openqa.selenium.TimeoutException">org.openqa.selenium.TimeoutException: Expected condition failed: waiting for element to be clickable: By.xpath: .//button[text()='Оформить заказ'] (tried for 5 second(s) with 500 milliseconds interval)
	at LoginTest.loginKabinetPageTest(LoginTest.java:70)
Caused by: org.openqa.selenium.NoSuchElementException: 
no such element: Unable to locate element: {"method":"xpath","selector":".//button[text()='Оформить заказ']"}
  (Session info: chrome=126.0.6478.127)
For documentation on this error, please visit: https://www.seleniumhq.org/exceptions/no_such_element.html
Build info: version: '3.141.59', revision: 'e82be7d358', time: '2018-11-14T08:17:03'
System info: host: 'LAPTOP-7C1P7I5Q', ip: '192.168.0.36', os.name: 'Windows 10', os.arch: 'amd64', os.version: '10.0', java.version: '11.0.22'
Driver info: org.openqa.selenium.chrome.ChromeDriver
Capabilities {acceptInsecureCerts: false, browserName: chrome, browserVersion: 126.0.6478.127, chrome: {chromedriverVersion: 126.0.6478.126 (d36ace6122e..., userDataDir: C:\Users\Nastya\AppData\Loc...}, fedcm:accounts: true, goog:chromeOptions: {debuggerAddress: localhost:59379}, javascriptEnabled: true, networkConnectionEnabled: false, pageLoadStrategy: normal, platform: WINDOWS, platformName: WINDOWS, proxy: Proxy(), setWindowRect: true, strictFileInteractability: false, timeouts: {implicit: 0, pageLoad: 300000, script: 30000}, unhandledPromptBehavior: dismiss and notify, webauthn:extension:credBlob: true, webauthn:extension:largeBlob: true, webauthn:extension:minPinLength: true, webauthn:extension:prf: true, webauthn:virtualAuthenticators: true}
Session ID: ffe3db1a27c740bf02ae3984c9d7cdd6
*** Element info: {Using=xpath, value=.//button[text()='Оформить заказ']}
	at LoginTest.loginKabinetPageTest(LoginTest.java:70)
</error>
    <system-out><![CDATA[Request method:	POST
Request URI:	https://stellarburgers.nomoreparties.site/api/auth/register
Proxy:			<none>
Request params:	<none>
Query params:	<none>
Form params:	<none>
Path params:	<none>
Headers:		Accept=*/*
				Content-Type=application/json
Cookies:		<none>
Multiparts:		<none>
Body:
{
    "email": "CatburgerTaya@gmail.com",
    "password": "login",
    "name": "NastyaTurner"
}
HTTP/1.1 200 OK
Date: Sun, 07 Jul 2024 16:48:42 GMT
Content-Type: application/json; charset=utf-8
Transfer-Encoding: chunked
Connection: keep-alive
X-Powered-By: Express
Access-Control-Allow-Origin: *
authorization: Bearer eyJhbGciOiJIUzI1NiIsInR5cCI6IkpXVCJ9.eyJpZCI6IjY2OGFjNmVhOWVkMjgwMDAxYjQ2NTRjNyIsImlhdCI6MTcyMDM3MDkyMiwiZXhwIjoxNzIwMzcyMTIyfQ.5Zx7al58dTuR_U9DsCXlvuP-mHrUeFx8fyl9OVw7hwU
ETag: W/"176-6GhlKv2OUvaVJc3JQLhZ+uEnrAQ"
CF-Cache-Status: DYNAMIC
Report-To: {"endpoints":[{"url":"https:\/\/a.nel.cloudflare.com\/report\/v4?s=GFluHrtbNtCF2rey54C6REsUtJHlz%2B%2F0Fd2BSaRGES0NwVs%2BPYx52wPUINJ4%2BD8%2BkRdwLplQvicsy4H0kigIpmY8R%2BfSwpNde%2BYCGohW61Mf8Dq2RFdWWb4%2FqMR2ifvU%2F3ZoNhXYhtqoa1ZqK%2F01k%2BDWsVA%3D"}],"group":"cf-nel","max_age":604800}
NEL: {"success_fraction":0,"report_to":"cf-nel","max_age":604800}
Server: cloudflare
CF-RAY: 89f952da2dab9d38-DME
Content-Encoding: gzip
alt-svc: h3=":443"; ma=86400

{
    "success": true,
    "user": {
        "email": "catburgertaya@gmail.com",
        "name": "NastyaTurner"
    },
    "accessToken": "Bearer eyJhbGciOiJIUzI1NiIsInR5cCI6IkpXVCJ9.eyJpZCI6IjY2OGFjNmVhOWVkMjgwMDAxYjQ2NTRjNyIsImlhdCI6MTcyMDM3MDkyMiwiZXhwIjoxNzIwMzcyMTIyfQ.5Zx7al58dTuR_U9DsCXlvuP-mHrUeFx8fyl9OVw7hwU",
    "refreshToken": "cb9b6d401f1a57f16d850c5db211cfca0d70553f6d70f56751cb38ca432cf1f0ed537b899553cfe7"
}
Request method:	DELETE
Request URI:	https://stellarburgers.nomoreparties.site/api/auth/user
Proxy:			<none>
Request params:	<none>
Query params:	<none>
Form params:	<none>
Path params:	<none>
Headers:		Accept=*/*
				Content-Type=application/json
Cookies:		<none>
Multiparts:		<none>
Body:			<none>
HTTP/1.1 202 Accepted
Date: Sun, 07 Jul 2024 16:48:49 GMT
Content-Type: application/json; charset=utf-8
Content-Length: 54
Connection: keep-alive
X-Powered-By: Express
Access-Control-Allow-Origin: *
ETag: W/"36-hDmZnQ3Ou/ynnqAeC6TYmyseuzY"
CF-Cache-Status: DYNAMIC
Report-To: {"endpoints":[{"url":"https:\/\/a.nel.cloudflare.com\/report\/v4?s=AuNR9OmBN4SJKb0IwebhxOzPOna0jshfncrq08WmTk0hb5kA69gevq83ze8FeKhk6yDlwrhSiQxJsPgP2SIOaLvAsjDN74PGtbz7%2FiYdlfAgUQ%2F5jJ4zppyC51Zut2grtjHIn%2BiBOHqTx%2B8uHAF8yQiiQGo%3D"}],"group":"cf-nel","max_age":604800}
NEL: {"success_fraction":0,"report_to":"cf-nel","max_age":604800}
Server: cloudflare
CF-RAY: 89f9530318299db8-DME
alt-svc: h3=":443"; ma=86400

{
    "success": true,
    "message": "User successfully removed"
}
]]></system-out>
    <system-err><![CDATA[Starting ChromeDriver 126.0.6478.126 (d36ace6122e0a59570e258d82441395206d60e1c-refs/branch-heads/6478@{#1591}) on port 48266
Only local connections are allowed.
Please see https://chromedriver.chromium.org/security-considerations for suggestions on keeping ChromeDriver safe.
ChromeDriver was started successfully.
июл. 07, 2024 7:48:41 PM org.openqa.selenium.remote.ProtocolHandshake createSession
INFO: Detected dialect: W3C
]]></system-err>
  </testcase>
  <testcase name="loginRegistrationPageTest" classname="LoginTest" time="7.657">
    <error message="Expected condition failed: waiting for element to be clickable: By.xpath: .//button[text()=&apos;Оформить заказ&apos;] (tried for 5 second(s) with 500 milliseconds interval)" type="org.openqa.selenium.TimeoutException">org.openqa.selenium.TimeoutException: Expected condition failed: waiting for element to be clickable: By.xpath: .//button[text()='Оформить заказ'] (tried for 5 second(s) with 500 milliseconds interval)
	at LoginTest.loginRegistrationPageTest(LoginTest.java:89)
Caused by: org.openqa.selenium.NoSuchElementException: 
no such element: Unable to locate element: {"method":"xpath","selector":".//button[text()='Оформить заказ']"}
  (Session info: chrome=126.0.6478.127)
For documentation on this error, please visit: https://www.seleniumhq.org/exceptions/no_such_element.html
Build info: version: '3.141.59', revision: 'e82be7d358', time: '2018-11-14T08:17:03'
System info: host: 'LAPTOP-7C1P7I5Q', ip: '192.168.0.36', os.name: 'Windows 10', os.arch: 'amd64', os.version: '10.0', java.version: '11.0.22'
Driver info: org.openqa.selenium.chrome.ChromeDriver
Capabilities {acceptInsecureCerts: false, browserName: chrome, browserVersion: 126.0.6478.127, chrome: {chromedriverVersion: 126.0.6478.126 (d36ace6122e..., userDataDir: C:\Users\Nastya\AppData\Loc...}, fedcm:accounts: true, goog:chromeOptions: {debuggerAddress: localhost:59408}, javascriptEnabled: true, networkConnectionEnabled: false, pageLoadStrategy: normal, platform: WINDOWS, platformName: WINDOWS, proxy: Proxy(), setWindowRect: true, strictFileInteractability: false, timeouts: {implicit: 0, pageLoad: 300000, script: 30000}, unhandledPromptBehavior: dismiss and notify, webauthn:extension:credBlob: true, webauthn:extension:largeBlob: true, webauthn:extension:minPinLength: true, webauthn:extension:prf: true, webauthn:virtualAuthenticators: true}
Session ID: e907331b703978c1b4e64bafc6ed50d3
*** Element info: {Using=xpath, value=.//button[text()='Оформить заказ']}
	at LoginTest.loginRegistrationPageTest(LoginTest.java:89)
</error>
    <system-out><![CDATA[Request method:	POST
Request URI:	https://stellarburgers.nomoreparties.site/api/auth/register
Proxy:			<none>
Request params:	<none>
Query params:	<none>
Form params:	<none>
Path params:	<none>
Headers:		Accept=*/*
				Content-Type=application/json
Cookies:		<none>
Multiparts:		<none>
Body:
{
    "email": "CatburgerHope@gmail.com",
    "password": "login",
    "name": "NastyaMaggio"
}
HTTP/1.1 200 OK
Date: Sun, 07 Jul 2024 16:48:50 GMT
Content-Type: application/json; charset=utf-8
Transfer-Encoding: chunked
Connection: keep-alive
X-Powered-By: Express
Access-Control-Allow-Origin: *
authorization: Bearer eyJhbGciOiJIUzI1NiIsInR5cCI6IkpXVCJ9.eyJpZCI6IjY2OGFjNmYyOWVkMjgwMDAxYjQ2NTRjOSIsImlhdCI6MTcyMDM3MDkzMCwiZXhwIjoxNzIwMzcyMTMwfQ.kJLYNnUruWDS-tMPBuHAOJ54PEGjUzIJv9VHC7szFyc
ETag: W/"176-y2JSBiTfLLorOM31dxr1xck2Jpg"
CF-Cache-Status: DYNAMIC
Report-To: {"endpoints":[{"url":"https:\/\/a.nel.cloudflare.com\/report\/v4?s=NnMuuIlb1hfvAm9A%2F9jqRmxhLIPGlZTOJUE92NfReyaQuS7nIbetxhtPDnaPvRJ50FTcD5ApEIG5zGv0gOZgVjEFXlMzi%2F2z4Lwjj7HLT4gFmKu5mjCpHrqhQtQmvSJCFzoL%2Fv70WPDmVyy07eYRGi2fq78%3D"}],"group":"cf-nel","max_age":604800}
NEL: {"success_fraction":0,"report_to":"cf-nel","max_age":604800}
Server: cloudflare
CF-RAY: 89f9530aaaa45f04-ARN
Content-Encoding: gzip
alt-svc: h3=":443"; ma=86400

{
    "success": true,
    "user": {
        "email": "catburgerhope@gmail.com",
        "name": "NastyaMaggio"
    },
    "accessToken": "Bearer eyJhbGciOiJIUzI1NiIsInR5cCI6IkpXVCJ9.eyJpZCI6IjY2OGFjNmYyOWVkMjgwMDAxYjQ2NTRjOSIsImlhdCI6MTcyMDM3MDkzMCwiZXhwIjoxNzIwMzcyMTMwfQ.kJLYNnUruWDS-tMPBuHAOJ54PEGjUzIJv9VHC7szFyc",
    "refreshToken": "ffef896e4631c627865046551c8c533d51d16b363ebdd22590a922b0fc0618721ef8827921dad86f"
}
Request method:	DELETE
Request URI:	https://stellarburgers.nomoreparties.site/api/auth/user
Proxy:			<none>
Request params:	<none>
Query params:	<none>
Form params:	<none>
Path params:	<none>
Headers:		Accept=*/*
				Content-Type=application/json
Cookies:		<none>
Multiparts:		<none>
Body:			<none>
HTTP/1.1 202 Accepted
Date: Sun, 07 Jul 2024 16:48:57 GMT
Content-Type: application/json; charset=utf-8
Content-Length: 54
Connection: keep-alive
X-Powered-By: Express
Access-Control-Allow-Origin: *
ETag: W/"36-hDmZnQ3Ou/ynnqAeC6TYmyseuzY"
CF-Cache-Status: DYNAMIC
Report-To: {"endpoints":[{"url":"https:\/\/a.nel.cloudflare.com\/report\/v4?s=DANGZkDrE30PtngBrHlswMuLjM22LcEf%2F3u2KTCe0oPrBlIYruwpxLqmLiRHlMsxsf28NEVdx%2B8VR6fdwAQRlaLAkYcZSTMk53nTMTSRHi7G%2F2fO6REzzpckANoFevl8PrUbWceoT1WF2uefzpDmK7DtiSY%3D"}],"group":"cf-nel","max_age":604800}
NEL: {"success_fraction":0,"report_to":"cf-nel","max_age":604800}
Server: cloudflare
CF-RAY: 89f953330e7d9d47-DME
alt-svc: h3=":443"; ma=86400

{
    "success": true,
    "message": "User successfully removed"
}
]]></system-out>
    <system-err><![CDATA[Starting ChromeDriver 126.0.6478.126 (d36ace6122e0a59570e258d82441395206d60e1c-refs/branch-heads/6478@{#1591}) on port 38548
Only local connections are allowed.
Please see https://chromedriver.chromium.org/security-considerations for suggestions on keeping ChromeDriver safe.
ChromeDriver was started successfully.
июл. 07, 2024 7:48:50 PM org.openqa.selenium.remote.ProtocolHandshake createSession
INFO: Detected dialect: W3C
]]></system-err>
  </testcase>
</testsuite>